0 info it worked if it ends with ok
1 verbose cli [ 'c:\\Program Files\\nodejs\\node.exe',
1 verbose cli   'c:\\Program Files\\nodejs\\node_modules\\npm\\bin\\npm-cli.js',
1 verbose cli   'start' ]
2 info using npm@3.9.3
3 info using node@v0.12.7
4 verbose stack Error: Failed to parse json
4 verbose stack Unexpected token 'e' at 7:65
4 verbose stack     "start": "watchify src/main.jsx -v -t [babelify --preset ["react"] ] -o pub
4 verbose stack                                                                 ^
4 verbose stack     at parseError (c:\Program Files\nodejs\node_modules\npm\node_modules\read-package-json\read-json.js:390:11)
4 verbose stack     at parseJson (c:\Program Files\nodejs\node_modules\npm\node_modules\read-package-json\read-json.js:79:23)
4 verbose stack     at c:\Program Files\nodejs\node_modules\npm\node_modules\read-package-json\read-json.js:48:5
4 verbose stack     at c:\Program Files\nodejs\node_modules\npm\node_modules\graceful-fs\graceful-fs.js:78:16
4 verbose stack     at fs.js:334:14
4 verbose stack     at c:\Program Files\nodejs\node_modules\npm\node_modules\graceful-fs\graceful-fs.js:43:10
4 verbose stack     at FSReqWrap.oncomplete (fs.js:95:15)
5 verbose cwd D:\Learning React
6 error Windows_NT 6.3.9600
7 error argv "c:\\Program Files\\nodejs\\node.exe" "c:\\Program Files\\nodejs\\node_modules\\npm\\bin\\npm-cli.js" "start"
8 error node v0.12.7
9 error npm  v3.9.3
10 error file D:\Learning React\package.json
11 error code EJSONPARSE
12 error Failed to parse json
12 error Unexpected token 'e' at 7:65
12 error     "start": "watchify src/main.jsx -v -t [babelify --preset ["react"] ] -o pub
12 error                                                                 ^
13 error File: D:\Learning React\package.json
14 error Failed to parse package.json data.
14 error package.json must be actual JSON, not just JavaScript.
14 error
14 error This is not a bug in npm.
14 error Tell the package author to fix their package.json file. JSON.parse
15 verbose exit [ 1, true ]
